<?xml version="1.0" encoding="utf-8" standalone="no"?>
<!--This file represents the results of running a test suite-->
<test-results name="C:\DATA\Projects\nhibernate\1.2.x\NH-spare1\build\NHibernate-1.2.1.GA\bin\net-1.1\Iesi.Collections.Test.dll" total="87" failures="0" not-run="0" date="2007-11-24" time="05:22:12">
  <environment nunit-version="2.2.8.0" clr-version="2.0.50727.832" os-version="Microsoft Windows NT 5.1.2600 Service Pack 2" platform="Win32NT" cwd="C:\DATA\Projects\nhibernate\1.2.x\NH-spare1" machine-name="CORP-2B5TWB1" user="kchu" user-domain="LIFEMARK" />
  <culture-info current-culture="en-CA" current-uiculture="en-US" />
  <test-suite name="C:\DATA\Projects\nhibernate\1.2.x\NH-spare1\build\NHibernate-1.2.1.GA\bin\net-1.1\Iesi.Collections.Test.dll" success="True" time="0.172" asserts="0">
    <results>
      <test-suite name="Iesi" success="True" time="0.172" asserts="0">
        <results>
          <test-suite name="Iesi.Collections" success="True" time="0.172" asserts="0">
            <results>
              <test-suite name="Iesi.Collections.Test" success="True" time="0.172" asserts="0">
                <results>
                  <test-suite name="Iesi.Collections.Test.HashedSetFixture" success="True" time="0.109" asserts="0">
                    <results>
                      <test-case name="Iesi.Collections.Test.HashedSetFixture.Serialization" executed="True" success="True" time="0.063" asserts="4" />
                      <test-case name="Iesi.Collections.Test.HashedSetFixture.SetFixture.Clone" executed="True" success="True" time="0.000" asserts="6" />
                      <test-case name="Iesi.Collections.Test.HashedSetFixture.SetFixture.CopyTo" executed="True" success="True" time="0.016" asserts="4" />
                      <test-case name="Iesi.Collections.Test.HashedSetFixture.SetFixture.Count" executed="True" success="True" time="0.000" asserts="2" />
                      <test-case name="Iesi.Collections.Test.HashedSetFixture.SetFixture.CtorWithDefaults" executed="True" success="True" time="0.000" asserts="4" />
                      <test-case name="Iesi.Collections.Test.HashedSetFixture.SetFixture.Add" executed="True" success="True" time="0.000" asserts="4" />
                      <test-case name="Iesi.Collections.Test.HashedSetFixture.SetFixture.AddAll" executed="True" success="True" time="0.000" asserts="3" />
                      <test-case name="Iesi.Collections.Test.HashedSetFixture.SetFixture.Clear" executed="True" success="True" time="0.000" asserts="1" />
                      <test-case name="Iesi.Collections.Test.HashedSetFixture.SetFixture.Contains" executed="True" success="True" time="0.000" asserts="2" />
                      <test-case name="Iesi.Collections.Test.HashedSetFixture.SetFixture.ContainsAll" executed="True" success="True" time="0.000" asserts="2" />
                      <test-case name="Iesi.Collections.Test.HashedSetFixture.SetFixture.ExclusiveOr" executed="True" success="True" time="0.000" asserts="11" />
                      <test-case name="Iesi.Collections.Test.HashedSetFixture.SetFixture.Intersect" executed="True" success="True" time="0.000" asserts="8" />
                      <test-case name="Iesi.Collections.Test.HashedSetFixture.SetFixture.IsEmpty" executed="True" success="True" time="0.000" asserts="2" />
                      <test-case name="Iesi.Collections.Test.HashedSetFixture.SetFixture.Minus" executed="True" success="True" time="0.000" asserts="8" />
                      <test-case name="Iesi.Collections.Test.HashedSetFixture.SetFixture.Remove" executed="True" success="True" time="0.000" asserts="4" />
                      <test-case name="Iesi.Collections.Test.HashedSetFixture.SetFixture.RemoveAll" executed="True" success="True" time="0.000" asserts="3" />
                      <test-case name="Iesi.Collections.Test.HashedSetFixture.SetFixture.RetainAll" executed="True" success="True" time="0.000" asserts="3" />
                      <test-case name="Iesi.Collections.Test.HashedSetFixture.SetFixture.Union" executed="True" success="True" time="0.000" asserts="13" />
                      <test-case name="Iesi.Collections.Test.HashedSetFixture.SetFixture.ExclusiveOrOperator" executed="True" success="True" time="0.000" asserts="6" />
                      <test-case name="Iesi.Collections.Test.HashedSetFixture.SetFixture.IntersectOperator" executed="True" success="True" time="0.000" asserts="3" />
                      <test-case name="Iesi.Collections.Test.HashedSetFixture.SetFixture.MinusOperator" executed="True" success="True" time="0.016" asserts="5" />
                      <test-case name="Iesi.Collections.Test.HashedSetFixture.SetFixture.UnionOperator" executed="True" success="True" time="0.000" asserts="8" />
                    </results>
                  </test-suite>
                  <test-suite name="Iesi.Collections.Test.HybridSetFixture" success="True" time="0.016" asserts="0">
                    <results>
                      <test-case name="Iesi.Collections.Test.HybridSetFixture.SetFixture.Clone" executed="True" success="True" time="0.000" asserts="6" />
                      <test-case name="Iesi.Collections.Test.HybridSetFixture.SetFixture.CopyTo" executed="True" success="True" time="0.000" asserts="4" />
                      <test-case name="Iesi.Collections.Test.HybridSetFixture.SetFixture.Count" executed="True" success="True" time="0.000" asserts="2" />
                      <test-case name="Iesi.Collections.Test.HybridSetFixture.SetFixture.CtorWithDefaults" executed="True" success="True" time="0.000" asserts="4" />
                      <test-case name="Iesi.Collections.Test.HybridSetFixture.SetFixture.Add" executed="True" success="True" time="0.000" asserts="4" />
                      <test-case name="Iesi.Collections.Test.HybridSetFixture.SetFixture.AddAll" executed="True" success="True" time="0.000" asserts="3" />
                      <test-case name="Iesi.Collections.Test.HybridSetFixture.SetFixture.Clear" executed="True" success="True" time="0.000" asserts="1" />
                      <test-case name="Iesi.Collections.Test.HybridSetFixture.SetFixture.Contains" executed="True" success="True" time="0.000" asserts="2" />
                      <test-case name="Iesi.Collections.Test.HybridSetFixture.SetFixture.ContainsAll" executed="True" success="True" time="0.000" asserts="2" />
                      <test-case name="Iesi.Collections.Test.HybridSetFixture.SetFixture.ExclusiveOr" executed="True" success="True" time="0.000" asserts="11" />
                      <test-case name="Iesi.Collections.Test.HybridSetFixture.SetFixture.Intersect" executed="True" success="True" time="0.000" asserts="8" />
                      <test-case name="Iesi.Collections.Test.HybridSetFixture.SetFixture.IsEmpty" executed="True" success="True" time="0.000" asserts="2" />
                      <test-case name="Iesi.Collections.Test.HybridSetFixture.SetFixture.Minus" executed="True" success="True" time="0.000" asserts="8" />
                      <test-case name="Iesi.Collections.Test.HybridSetFixture.SetFixture.Remove" executed="True" success="True" time="0.000" asserts="4" />
                      <test-case name="Iesi.Collections.Test.HybridSetFixture.SetFixture.RemoveAll" executed="True" success="True" time="0.000" asserts="3" />
                      <test-case name="Iesi.Collections.Test.HybridSetFixture.SetFixture.RetainAll" executed="True" success="True" time="0.000" asserts="3" />
                      <test-case name="Iesi.Collections.Test.HybridSetFixture.SetFixture.Union" executed="True" success="True" time="0.000" asserts="13" />
                      <test-case name="Iesi.Collections.Test.HybridSetFixture.SetFixture.ExclusiveOrOperator" executed="True" success="True" time="0.000" asserts="6" />
                      <test-case name="Iesi.Collections.Test.HybridSetFixture.SetFixture.IntersectOperator" executed="True" success="True" time="0.000" asserts="3" />
                      <test-case name="Iesi.Collections.Test.HybridSetFixture.SetFixture.MinusOperator" executed="True" success="True" time="0.000" asserts="5" />
                      <test-case name="Iesi.Collections.Test.HybridSetFixture.SetFixture.UnionOperator" executed="True" success="True" time="0.000" asserts="8" />
                    </results>
                  </test-suite>
                  <test-suite name="Iesi.Collections.Test.ListSetFixture" success="True" time="0.000" asserts="0">
                    <results>
                      <test-case name="Iesi.Collections.Test.ListSetFixture.SetFixture.Clone" executed="True" success="True" time="0.000" asserts="6" />
                      <test-case name="Iesi.Collections.Test.ListSetFixture.SetFixture.CopyTo" executed="True" success="True" time="0.000" asserts="4" />
                      <test-case name="Iesi.Collections.Test.ListSetFixture.SetFixture.Count" executed="True" success="True" time="0.000" asserts="2" />
                      <test-case name="Iesi.Collections.Test.ListSetFixture.SetFixture.CtorWithDefaults" executed="True" success="True" time="0.000" asserts="4" />
                      <test-case name="Iesi.Collections.Test.ListSetFixture.SetFixture.Add" executed="True" success="True" time="0.000" asserts="4" />
                      <test-case name="Iesi.Collections.Test.ListSetFixture.SetFixture.AddAll" executed="True" success="True" time="0.000" asserts="3" />
                      <test-case name="Iesi.Collections.Test.ListSetFixture.SetFixture.Clear" executed="True" success="True" time="0.000" asserts="1" />
                      <test-case name="Iesi.Collections.Test.ListSetFixture.SetFixture.Contains" executed="True" success="True" time="0.000" asserts="2" />
                      <test-case name="Iesi.Collections.Test.ListSetFixture.SetFixture.ContainsAll" executed="True" success="True" time="0.000" asserts="2" />
                      <test-case name="Iesi.Collections.Test.ListSetFixture.SetFixture.ExclusiveOr" executed="True" success="True" time="0.000" asserts="11" />
                      <test-case name="Iesi.Collections.Test.ListSetFixture.SetFixture.Intersect" executed="True" success="True" time="0.000" asserts="8" />
                      <test-case name="Iesi.Collections.Test.ListSetFixture.SetFixture.IsEmpty" executed="True" success="True" time="0.000" asserts="2" />
                      <test-case name="Iesi.Collections.Test.ListSetFixture.SetFixture.Minus" executed="True" success="True" time="0.000" asserts="8" />
                      <test-case name="Iesi.Collections.Test.ListSetFixture.SetFixture.Remove" executed="True" success="True" time="0.000" asserts="4" />
                      <test-case name="Iesi.Collections.Test.ListSetFixture.SetFixture.RemoveAll" executed="True" success="True" time="0.000" asserts="3" />
                      <test-case name="Iesi.Collections.Test.ListSetFixture.SetFixture.RetainAll" executed="True" success="True" time="0.000" asserts="3" />
                      <test-case name="Iesi.Collections.Test.ListSetFixture.SetFixture.Union" executed="True" success="True" time="0.000" asserts="13" />
                      <test-case name="Iesi.Collections.Test.ListSetFixture.SetFixture.ExclusiveOrOperator" executed="True" success="True" time="0.000" asserts="6" />
                      <test-case name="Iesi.Collections.Test.ListSetFixture.SetFixture.IntersectOperator" executed="True" success="True" time="0.000" asserts="3" />
                      <test-case name="Iesi.Collections.Test.ListSetFixture.SetFixture.MinusOperator" executed="True" success="True" time="0.000" asserts="5" />
                      <test-case name="Iesi.Collections.Test.ListSetFixture.SetFixture.UnionOperator" executed="True" success="True" time="0.000" asserts="8" />
                    </results>
                  </test-suite>
                  <test-suite name="Iesi.Collections.Test.SortedSetFixture" success="True" time="0.031" asserts="0">
                    <results>
                      <test-case name="Iesi.Collections.Test.SortedSetFixture.OrderedEnumeration" executed="True" success="True" time="0.016" asserts="3" />
                      <test-case name="Iesi.Collections.Test.SortedSetFixture.OrderedCaseInsensitiveEnumeration" executed="True" success="True" time="0.000" asserts="3" />
                      <test-case name="Iesi.Collections.Test.SortedSetFixture.SetFixture.Clone" executed="True" success="True" time="0.000" asserts="6" />
                      <test-case name="Iesi.Collections.Test.SortedSetFixture.SetFixture.CopyTo" executed="True" success="True" time="0.000" asserts="4" />
                      <test-case name="Iesi.Collections.Test.SortedSetFixture.SetFixture.Count" executed="True" success="True" time="0.000" asserts="2" />
                      <test-case name="Iesi.Collections.Test.SortedSetFixture.SetFixture.CtorWithDefaults" executed="True" success="True" time="0.000" asserts="4" />
                      <test-case name="Iesi.Collections.Test.SortedSetFixture.SetFixture.Add" executed="True" success="True" time="0.000" asserts="4" />
                      <test-case name="Iesi.Collections.Test.SortedSetFixture.SetFixture.AddAll" executed="True" success="True" time="0.000" asserts="3" />
                      <test-case name="Iesi.Collections.Test.SortedSetFixture.SetFixture.Clear" executed="True" success="True" time="0.000" asserts="1" />
                      <test-case name="Iesi.Collections.Test.SortedSetFixture.SetFixture.Contains" executed="True" success="True" time="0.000" asserts="2" />
                      <test-case name="Iesi.Collections.Test.SortedSetFixture.SetFixture.ContainsAll" executed="True" success="True" time="0.000" asserts="2" />
                      <test-case name="Iesi.Collections.Test.SortedSetFixture.SetFixture.ExclusiveOr" executed="True" success="True" time="0.000" asserts="11" />
                      <test-case name="Iesi.Collections.Test.SortedSetFixture.SetFixture.Intersect" executed="True" success="True" time="0.000" asserts="8" />
                      <test-case name="Iesi.Collections.Test.SortedSetFixture.SetFixture.IsEmpty" executed="True" success="True" time="0.000" asserts="2" />
                      <test-case name="Iesi.Collections.Test.SortedSetFixture.SetFixture.Minus" executed="True" success="True" time="0.000" asserts="8" />
                      <test-case name="Iesi.Collections.Test.SortedSetFixture.SetFixture.Remove" executed="True" success="True" time="0.000" asserts="4" />
                      <test-case name="Iesi.Collections.Test.SortedSetFixture.SetFixture.RemoveAll" executed="True" success="True" time="0.000" asserts="3" />
                      <test-case name="Iesi.Collections.Test.SortedSetFixture.SetFixture.RetainAll" executed="True" success="True" time="0.000" asserts="3" />
                      <test-case name="Iesi.Collections.Test.SortedSetFixture.SetFixture.Union" executed="True" success="True" time="0.000" asserts="13" />
                      <test-case name="Iesi.Collections.Test.SortedSetFixture.SetFixture.ExclusiveOrOperator" executed="True" success="True" time="0.000" asserts="6" />
                      <test-case name="Iesi.Collections.Test.SortedSetFixture.SetFixture.IntersectOperator" executed="True" success="True" time="0.000" asserts="3" />
                      <test-case name="Iesi.Collections.Test.SortedSetFixture.SetFixture.MinusOperator" executed="True" success="True" time="0.000" asserts="5" />
                      <test-case name="Iesi.Collections.Test.SortedSetFixture.SetFixture.UnionOperator" executed="True" success="True" time="0.000" asserts="8" />
                    </results>
                  </test-suite>
                </results>
              </test-suite>
            </results>
          </test-suite>
        </results>
      </test-suite>
    </results>
  </test-suite>
</test-results>